This is pdfTeX, Version 3.14159265-2.6-1.40.20 (TeX Live 2019) (preloaded format=pdflatex 2019.9.25)  24 NOV 2019 19:27
entering extended mode
 restricted \write18 enabled.
 file:line:error style messages enabled.
 %&-line parsing enabled.
**status_report_template.tex
(./status_report_template.tex
LaTeX2e <2018-12-01>
(/usr/local/texlive/2019/texmf-dist/tex/latex/base/article.cls
Document Class: article 2018/09/03 v1.4i Standard LaTeX document class
(/usr/local/texlive/2019/texmf-dist/tex/latex/base/size11.clo
File: size11.clo 2018/09/03 v1.4i Standard LaTeX file (size option)
)
\c@part=\count80
\c@section=\count81
\c@subsection=\count82
\c@subsubsection=\count83
\c@paragraph=\count84
\c@subparagraph=\count85
\c@figure=\count86
\c@table=\count87
\abovecaptionskip=\skip41
\belowcaptionskip=\skip42
\bibindent=\dimen102
)
(/usr/local/texlive/2019/texmf-dist/tex/latex/psnfss/times.sty
Package: times 2005/04/12 PSNFSS-v9.2a (SPQR) 
)
(/usr/local/texlive/2019/texmf-dist/tex/latex/preprint/fullpage.sty
Package: fullpage 1999/02/23 1.1 (PWD)
\FP@margin=\skip43
)
Runaway argument?
{ {{cookiecutter.project_title}} \author { {{cookiecutter.student_nam\ETC.
./status_report_template.tex:8: Paragraph ended before \title was complete.
<to be read again> 
                   \par 
l.8 
    
? 
./status_report_template.tex:8: Emergency stop.
<to be read again> 
                   \par 
l.8 
    
End of file on the terminal!

 
Here is how much of TeX's memory you used:
 223 strings out of 492616
 2766 string characters out of 6129481
 59833 words of memory out of 5000000
 4227 multiletter control sequences out of 15000+600000
 3940 words of font info for 15 fonts, out of 8000000 for 9000
 1141 hyphenation exceptions out of 8191
 21i,0n,19p,146b,36s stack positions out of 5000i,500n,10000p,200000b,80000s
./status_report_template.tex:8:  ==> Fatal error occurred, no output PDF file p
roduced!
